<?xml version="1.0" encoding="UTF-8"?>
<testsuite name="hangman.controllers.GameControllerTests" tests="1" skipped="0" failures="0" errors="0" timestamp="2023-06-01T17:13:40" hostname="Niamhs-MacBook-Air.local" time="0.002">
  <properties/>
  <testcase name="createGameReturnsValidUUID" classname="hangman.controllers.GameControllerTests" time="0.002"/>
  <system-out><![CDATA[]]></system-out>
  <system-err><![CDATA[]]></system-err>
</testsuite>
